<?xml version="1.0" encoding="UTF-8"?>
<!-- Generated by org.testng.reporters.JUnitReportReporter -->
<testsuite hostname="DESKTOP-97UL8J9" failures="0" tests="1" name="tests.HomePage" time="13.434" errors="0" timestamp="27 Sep 2018 18:04:09 GMT">
  <testcase classname="tests.HomePage" name="UserCanSearchFlights" time="13.434"/>
</testsuite> <!-- tests.HomePage -->
